{"/Users/liz/Desktop/ProyectoFinal/server/src/router.ts": {"path":"/Users/liz/Desktop/ProyectoFinal/server/src/router.ts","statementMap":{"0":{"start":{"line":1,"column":0},"end":{"line":1,"column":33}},"1":{"start":{"line":2,"column":0},"end":{"line":2,"column":null}},"2":{"start":{"line":11,"column":0},"end":{"line":11,"column":41}},"3":{"start":{"line":12,"column":0},"end":{"line":12,"column":39}},"4":{"start":{"line":13,"column":0},"end":{"line":13,"column":47}},"5":{"start":{"line":14,"column":0},"end":{"line":14,"column":47}},"6":{"start":{"line":15,"column":0},"end":{"line":15,"column":49}},"7":{"start":{"line":17,"column":0},"end":{"line":17,"column":42}},"8":{"start":{"line":19,"column":15},"end":{"line":19,"column":23}},"9":{"start":{"line":21,"column":0},"end":{"line":21,"column":20}},"10":{"start":{"line":200,"column":0},"end":{"line":200,"column":33}},"11":{"start":{"line":202,"column":0},"end":{"line":207,"column":2}},"12":{"start":{"line":209,"column":0},"end":{"line":209,"column":61}},"13":{"start":{"line":211,"column":0},"end":{"line":217,"column":2}},"14":{"start":{"line":219,"column":0},"end":{"line":224,"column":2}},"15":{"start":{"line":226,"column":0},"end":{"line":232,"column":2}},"16":{"start":{"line":234,"column":0},"end":{"line":234,"column":22}}},"fnMap":{},"branchMap":{},"s":{"0":2,"1":2,"2":2,"3":2,"4":2,"5":2,"6":2,"7":2,"8":2,"9":2,"10":2,"11":2,"12":2,"13":2,"14":2,"15":2,"16":2},"f":{},"b":{}}
,"/Users/liz/Desktop/ProyectoFinal/server/src/server.ts": {"path":"/Users/liz/Desktop/ProyectoFinal/server/src/server.ts","statementMap":{"0":{"start":{"line":10,"column":0},"end":{"line":10,"column":7}},"1":{"start":{"line":1,"column":0},"end":{"line":1,"column":30}},"2":{"start":{"line":2,"column":0},"end":{"line":2,"column":24}},"3":{"start":{"line":3,"column":0},"end":{"line":3,"column":30}},"4":{"start":{"line":4,"column":0},"end":{"line":4,"column":29}},"5":{"start":{"line":5,"column":0},"end":{"line":5,"column":28}},"6":{"start":{"line":6,"column":0},"end":{"line":6,"column":47}},"7":{"start":{"line":7,"column":0},"end":{"line":7,"column":65}},"8":{"start":{"line":8,"column":0},"end":{"line":8,"column":43}},"9":{"start":{"line":11,"column":2},"end":{"line":18,"column":3}},"10":{"start":{"line":12,"column":4},"end":{"line":12,"column":28}},"11":{"start":{"line":13,"column":4},"end":{"line":13,"column":14}},"12":{"start":{"line":14,"column":4},"end":{"line":14,"column":54}},"13":{"start":{"line":16,"column":4},"end":{"line":16,"column":23}},"14":{"start":{"line":17,"column":4},"end":{"line":17,"column":70}},"15":{"start":{"line":20,"column":0},"end":{"line":20,"column":15}},"16":{"start":{"line":22,"column":15},"end":{"line":22,"column":24}},"17":{"start":{"line":25,"column":17},"end":{"line":25,"column":40}},"18":{"start":{"line":26,"column":0},"end":{"line":32,"column":2}},"19":{"start":{"line":34,"column":0},"end":{"line":34,"column":27}},"20":{"start":{"line":36,"column":0},"end":{"line":36,"column":20}},"21":{"start":{"line":37,"column":0},"end":{"line":37,"column":27}},"22":{"start":{"line":38,"column":0},"end":{"line":38,"column":85}},"23":{"start":{"line":40,"column":0},"end":{"line":40,"column":22}}},"fnMap":{"0":{"name":"connectionDB","decl":{"start":{"line":10,"column":22},"end":{"line":10,"column":34}},"loc":{"start":{"line":10,"column":34},"end":{"line":19,"column":1}}}},"branchMap":{},"s":{"0":2,"1":2,"2":2,"3":2,"4":2,"5":2,"6":2,"7":2,"8":2,"9":3,"10":3,"11":2,"12":2,"13":1,"14":1,"15":2,"16":2,"17":2,"18":2,"19":2,"20":2,"21":2,"22":2,"23":2},"f":{"0":3},"b":{}}
,"/Users/liz/Desktop/ProyectoFinal/server/src/config/db.ts": {"path":"/Users/liz/Desktop/ProyectoFinal/server/src/config/db.ts","statementMap":{"0":{"start":{"line":1,"column":0},"end":{"line":1,"column":49}},"1":{"start":{"line":2,"column":0},"end":{"line":2,"column":28}},"2":{"start":{"line":4,"column":0},"end":{"line":4,"column":16}},"3":{"start":{"line":6,"column":12},"end":{"line":8,"column":2}},"4":{"start":{"line":10,"column":0},"end":{"line":10,"column":null}}},"fnMap":{},"branchMap":{},"s":{"0":2,"1":2,"2":2,"3":2,"4":2},"f":{},"b":{}}
,"/Users/liz/Desktop/ProyectoFinal/server/src/config/swagger.ts": {"path":"/Users/liz/Desktop/ProyectoFinal/server/src/config/swagger.ts","statementMap":{"0":{"start":{"line":1,"column":0},"end":{"line":1,"column":41}},"1":{"start":{"line":4,"column":38},"end":{"line":21,"column":2}},"2":{"start":{"line":23,"column":20},"end":{"line":23,"column":41}},"3":{"start":{"line":25,"column":43},"end":{"line":37,"column":2}},"4":{"start":{"line":41,"column":9},"end":{"line":41,"column":25}},"5":{"start":{"line":39,"column":0},"end":{"line":39,"column":27}}},"fnMap":{},"branchMap":{},"s":{"0":2,"1":2,"2":2,"3":2,"4":2,"5":2},"f":{},"b":{}}
,"/Users/liz/Desktop/ProyectoFinal/server/src/handlers/libro.ts": {"path":"/Users/liz/Desktop/ProyectoFinal/server/src/handlers/libro.ts","statementMap":{"0":{"start":{"line":2,"column":0},"end":{"line":2,"column":28}},"1":{"start":{"line":4,"column":0},"end":{"line":4,"column":39}},"2":{"start":{"line":6,"column":27},"end":{"line":31,"column":1}},"3":{"start":{"line":7,"column":2},"end":{"line":30,"column":3}},"4":{"start":{"line":8,"column":29},"end":{"line":8,"column":37}},"5":{"start":{"line":10,"column":4},"end":{"line":16,"column":5}},"6":{"start":{"line":11,"column":30},"end":{"line":11,"column":72}},"7":{"start":{"line":12,"column":6},"end":{"line":15,"column":64}},"8":{"start":{"line":13,"column":8},"end":{"line":15,"column":64}},"9":{"start":{"line":18,"column":4},"end":{"line":24,"column":5}},"10":{"start":{"line":19,"column":28},"end":{"line":19,"column":68}},"11":{"start":{"line":20,"column":6},"end":{"line":23,"column":62}},"12":{"start":{"line":21,"column":8},"end":{"line":23,"column":62}},"13":{"start":{"line":26,"column":18},"end":{"line":26,"column":46}},"14":{"start":{"line":27,"column":4},"end":{"line":27,"column":42}},"15":{"start":{"line":29,"column":4},"end":{"line":29,"column":76}},"16":{"start":{"line":6,"column":13},"end":{"line":6,"column":27}},"17":{"start":{"line":33,"column":25},"end":{"line":51,"column":1}},"18":{"start":{"line":34,"column":2},"end":{"line":50,"column":3}},"19":{"start":{"line":35,"column":43},"end":{"line":35,"column":59}},"20":{"start":{"line":37,"column":23},"end":{"line":37,"column":25}},"21":{"start":{"line":38,"column":4},"end":{"line":38,"column":37}},"22":{"start":{"line":38,"column":15},"end":{"line":38,"column":37}},"23":{"start":{"line":40,"column":19},"end":{"line":45,"column":6}},"24":{"start":{"line":47,"column":4},"end":{"line":47,"column":31}},"25":{"start":{"line":49,"column":4},"end":{"line":49,"column":75}},"26":{"start":{"line":33,"column":13},"end":{"line":33,"column":25}},"27":{"start":{"line":53,"column":27},"end":{"line":72,"column":1}},"28":{"start":{"line":54,"column":2},"end":{"line":71,"column":3}},"29":{"start":{"line":55,"column":19},"end":{"line":55,"column":29}},"30":{"start":{"line":56,"column":16},"end":{"line":56,"column":26}},"31":{"start":{"line":58,"column":4},"end":{"line":60,"column":5}},"32":{"start":{"line":59,"column":6},"end":{"line":59,"column":66}},"33":{"start":{"line":61,"column":18},"end":{"line":61,"column":42}},"34":{"start":{"line":62,"column":4},"end":{"line":64,"column":5}},"35":{"start":{"line":63,"column":6},"end":{"line":63,"column":68}},"36":{"start":{"line":66,"column":4},"end":{"line":66,"column":30}},"37":{"start":{"line":68,"column":4},"end":{"line":70,"column":6}},"38":{"start":{"line":53,"column":13},"end":{"line":53,"column":27}},"39":{"start":{"line":74,"column":27},"end":{"line":92,"column":1}},"40":{"start":{"line":75,"column":17},"end":{"line":75,"column":27}},"41":{"start":{"line":76,"column":14},"end":{"line":76,"column":24}},"42":{"start":{"line":78,"column":2},"end":{"line":80,"column":3}},"43":{"start":{"line":79,"column":4},"end":{"line":79,"column":64}},"44":{"start":{"line":81,"column":16},"end":{"line":81,"column":40}},"45":{"start":{"line":82,"column":2},"end":{"line":84,"column":3}},"46":{"start":{"line":83,"column":4},"end":{"line":83,"column":66}},"47":{"start":{"line":86,"column":2},"end":{"line":88,"column":5}},"48":{"start":{"line":87,"column":6},"end":{"line":87,"column":77}},"49":{"start":{"line":90,"column":2},"end":{"line":90,"column":31}},"50":{"start":{"line":91,"column":2},"end":{"line":91,"column":28}},"51":{"start":{"line":74,"column":13},"end":{"line":74,"column":27}},"52":{"start":{"line":94,"column":36},"end":{"line":117,"column":1}},"53":{"start":{"line":95,"column":2},"end":{"line":116,"column":3}},"54":{"start":{"line":96,"column":19},"end":{"line":96,"column":29}},"55":{"start":{"line":97,"column":16},"end":{"line":97,"column":26}},"56":{"start":{"line":99,"column":4},"end":{"line":101,"column":5}},"57":{"start":{"line":100,"column":6},"end":{"line":100,"column":66}},"58":{"start":{"line":103,"column":18},"end":{"line":103,"column":42}},"59":{"start":{"line":104,"column":4},"end":{"line":106,"column":5}},"60":{"start":{"line":105,"column":6},"end":{"line":105,"column":68}},"61":{"start":{"line":108,"column":4},"end":{"line":108,"column":41}},"62":{"start":{"line":109,"column":4},"end":{"line":109,"column":23}},"63":{"start":{"line":111,"column":4},"end":{"line":111,"column":30}},"64":{"start":{"line":113,"column":4},"end":{"line":115,"column":6}},"65":{"start":{"line":94,"column":13},"end":{"line":94,"column":36}},"66":{"start":{"line":120,"column":27},"end":{"line":140,"column":1}},"67":{"start":{"line":121,"column":2},"end":{"line":139,"column":3}},"68":{"start":{"line":122,"column":19},"end":{"line":122,"column":29}},"69":{"start":{"line":123,"column":16},"end":{"line":123,"column":26}},"70":{"start":{"line":125,"column":4},"end":{"line":127,"column":5}},"71":{"start":{"line":126,"column":6},"end":{"line":126,"column":66}},"72":{"start":{"line":129,"column":18},"end":{"line":129,"column":42}},"73":{"start":{"line":130,"column":4},"end":{"line":132,"column":5}},"74":{"start":{"line":131,"column":6},"end":{"line":131,"column":68}},"75":{"start":{"line":134,"column":4},"end":{"line":134,"column":34}},"76":{"start":{"line":136,"column":4},"end":{"line":136,"column":45}},"77":{"start":{"line":138,"column":4},"end":{"line":138,"column":79}},"78":{"start":{"line":120,"column":13},"end":{"line":120,"column":27}}},"fnMap":{"0":{"name":"(anonymous_1)","decl":{"start":{"line":6,"column":27},"end":{"line":6,"column":32}},"loc":{"start":{"line":6,"column":65},"end":{"line":31,"column":1}}},"1":{"name":"(anonymous_2)","decl":{"start":{"line":33,"column":25},"end":{"line":33,"column":30}},"loc":{"start":{"line":33,"column":63},"end":{"line":51,"column":1}}},"2":{"name":"(anonymous_3)","decl":{"start":{"line":53,"column":27},"end":{"line":53,"column":32}},"loc":{"start":{"line":53,"column":65},"end":{"line":72,"column":1}}},"3":{"name":"(anonymous_4)","decl":{"start":{"line":74,"column":27},"end":{"line":74,"column":32}},"loc":{"start":{"line":74,"column":65},"end":{"line":92,"column":1}}},"4":{"name":"(anonymous_5)","decl":{"start":{"line":94,"column":36},"end":{"line":94,"column":41}},"loc":{"start":{"line":94,"column":74},"end":{"line":117,"column":1}}},"5":{"name":"(anonymous_6)","decl":{"start":{"line":120,"column":27},"end":{"line":120,"column":32}},"loc":{"start":{"line":120,"column":65},"end":{"line":140,"column":1}}}},"branchMap":{"0":{"loc":{"start":{"line":10,"column":4},"end":{"line":16,"column":5}},"type":"if","locations":[{"start":{"line":10,"column":4},"end":{"line":16,"column":5}}]},"1":{"loc":{"start":{"line":12,"column":6},"end":{"line":15,"column":64}},"type":"if","locations":[{"start":{"line":12,"column":6},"end":{"line":15,"column":64}}]},"2":{"loc":{"start":{"line":18,"column":4},"end":{"line":24,"column":5}},"type":"if","locations":[{"start":{"line":18,"column":4},"end":{"line":24,"column":5}}]},"3":{"loc":{"start":{"line":20,"column":6},"end":{"line":23,"column":62}},"type":"if","locations":[{"start":{"line":20,"column":6},"end":{"line":23,"column":62}}]},"4":{"loc":{"start":{"line":35,"column":19},"end":{"line":35,"column":27}},"type":"default-arg","locations":[{"start":{"line":35,"column":26},"end":{"line":35,"column":27}}]},"5":{"loc":{"start":{"line":35,"column":29},"end":{"line":35,"column":39}},"type":"default-arg","locations":[{"start":{"line":35,"column":37},"end":{"line":35,"column":39}}]},"6":{"loc":{"start":{"line":38,"column":4},"end":{"line":38,"column":37}},"type":"if","locations":[{"start":{"line":38,"column":4},"end":{"line":38,"column":37}}]},"7":{"loc":{"start":{"line":58,"column":4},"end":{"line":60,"column":5}},"type":"if","locations":[{"start":{"line":58,"column":4},"end":{"line":60,"column":5}}]},"8":{"loc":{"start":{"line":58,"column":8},"end":{"line":58,"column":42}},"type":"binary-expr","locations":[{"start":{"line":58,"column":8},"end":{"line":58,"column":30}},{"start":{"line":58,"column":34},"end":{"line":58,"column":42}}]},"9":{"loc":{"start":{"line":62,"column":4},"end":{"line":64,"column":5}},"type":"if","locations":[{"start":{"line":62,"column":4},"end":{"line":64,"column":5}}]},"10":{"loc":{"start":{"line":78,"column":2},"end":{"line":80,"column":3}},"type":"if","locations":[{"start":{"line":78,"column":2},"end":{"line":80,"column":3}}]},"11":{"loc":{"start":{"line":78,"column":6},"end":{"line":78,"column":40}},"type":"binary-expr","locations":[{"start":{"line":78,"column":6},"end":{"line":78,"column":28}},{"start":{"line":78,"column":32},"end":{"line":78,"column":40}}]},"12":{"loc":{"start":{"line":82,"column":2},"end":{"line":84,"column":3}},"type":"if","locations":[{"start":{"line":82,"column":2},"end":{"line":84,"column":3}}]},"13":{"loc":{"start":{"line":86,"column":2},"end":{"line":88,"column":5}},"type":"if","locations":[{"start":{"line":86,"column":2},"end":{"line":88,"column":5}}]},"14":{"loc":{"start":{"line":99,"column":4},"end":{"line":101,"column":5}},"type":"if","locations":[{"start":{"line":99,"column":4},"end":{"line":101,"column":5}}]},"15":{"loc":{"start":{"line":99,"column":8},"end":{"line":99,"column":42}},"type":"binary-expr","locations":[{"start":{"line":99,"column":8},"end":{"line":99,"column":30}},{"start":{"line":99,"column":34},"end":{"line":99,"column":42}}]},"16":{"loc":{"start":{"line":104,"column":4},"end":{"line":106,"column":5}},"type":"if","locations":[{"start":{"line":104,"column":4},"end":{"line":106,"column":5}}]},"17":{"loc":{"start":{"line":125,"column":4},"end":{"line":127,"column":5}},"type":"if","locations":[{"start":{"line":125,"column":4},"end":{"line":127,"column":5}}]},"18":{"loc":{"start":{"line":125,"column":8},"end":{"line":125,"column":42}},"type":"binary-expr","locations":[{"start":{"line":125,"column":8},"end":{"line":125,"column":30}},{"start":{"line":125,"column":34},"end":{"line":125,"column":42}}]},"19":{"loc":{"start":{"line":130,"column":4},"end":{"line":132,"column":5}},"type":"if","locations":[{"start":{"line":130,"column":4},"end":{"line":132,"column":5}}]}},"s":{"0":2,"1":2,"2":2,"3":17,"4":17,"5":17,"6":16,"7":16,"8":2,"9":15,"10":14,"11":14,"12":1,"13":14,"14":13,"15":1,"16":2,"17":2,"18":6,"19":6,"20":6,"21":6,"22":1,"23":6,"24":5,"25":1,"26":2,"27":2,"28":4,"29":4,"30":4,"31":4,"32":1,"33":3,"34":2,"35":1,"36":1,"37":1,"38":2,"39":2,"40":5,"41":5,"42":5,"43":1,"44":4,"45":4,"46":1,"47":3,"48":1,"49":2,"50":2,"51":2,"52":2,"53":6,"54":6,"55":6,"56":6,"57":1,"58":5,"59":4,"60":1,"61":3,"62":3,"63":3,"64":1,"65":2,"66":2,"67":4,"68":4,"69":4,"70":4,"71":1,"72":3,"73":2,"74":1,"75":1,"76":1,"77":1,"78":2},"f":{"0":17,"1":6,"2":4,"3":5,"4":6,"5":4},"b":{"0":[16],"1":[2],"2":[14],"3":[1],"4":[6],"5":[6],"6":[1],"7":[1],"8":[4,4],"9":[1],"10":[1],"11":[5,5],"12":[1],"13":[1],"14":[1],"15":[6,6],"16":[1],"17":[1],"18":[4,4],"19":[1]}}
,"/Users/liz/Desktop/ProyectoFinal/server/src/middleware/delete.ts": {"path":"/Users/liz/Desktop/ProyectoFinal/server/src/middleware/delete.ts","statementMap":{"0":{"start":{"line":1,"column":0},"end":{"line":1,"column":42}},"1":{"start":{"line":3,"column":13},"end":{"line":5,"column":2}}},"fnMap":{},"branchMap":{},"s":{"0":2,"1":2},"f":{},"b":{}}
,"/Users/liz/Desktop/ProyectoFinal/server/src/middleware/index.ts": {"path":"/Users/liz/Desktop/ProyectoFinal/server/src/middleware/index.ts","statementMap":{"0":{"start":{"line":1,"column":0},"end":{"line":1,"column":53}},"1":{"start":{"line":4,"column":33},"end":{"line":13,"column":1}},"2":{"start":{"line":5,"column":2},"end":{"line":5,"column":36}},"3":{"start":{"line":7,"column":17},"end":{"line":7,"column":38}},"4":{"start":{"line":8,"column":2},"end":{"line":10,"column":3}},"5":{"start":{"line":9,"column":4},"end":{"line":9,"column":60}},"6":{"start":{"line":12,"column":2},"end":{"line":12,"column":9}},"7":{"start":{"line":4,"column":13},"end":{"line":4,"column":33}}},"fnMap":{"0":{"name":"(anonymous_0)","decl":{"start":{"line":4,"column":33},"end":{"line":4,"column":34}},"loc":{"start":{"line":4,"column":83},"end":{"line":13,"column":1}}}},"branchMap":{"0":{"loc":{"start":{"line":8,"column":2},"end":{"line":10,"column":3}},"type":"if","locations":[{"start":{"line":8,"column":2},"end":{"line":10,"column":3}}]}},"s":{"0":2,"1":2,"2":33,"3":33,"4":33,"5":6,"6":27,"7":2},"f":{"0":33},"b":{"0":[6]}}
,"/Users/liz/Desktop/ProyectoFinal/server/src/middleware/methods.ts": {"path":"/Users/liz/Desktop/ProyectoFinal/server/src/middleware/methods.ts","statementMap":{"0":{"start":{"line":4,"column":0},"end":{"line":4,"column":16}},"1":{"start":{"line":2,"column":0},"end":{"line":2,"column":28}},"2":{"start":{"line":5,"column":4},"end":{"line":5,"column":111}},"3":{"start":{"line":6,"column":4},"end":{"line":6,"column":11}}},"fnMap":{"0":{"name":"methods","decl":{"start":{"line":4,"column":16},"end":{"line":4,"column":23}},"loc":{"start":{"line":4,"column":71},"end":{"line":7,"column":1}}}},"branchMap":{},"s":{"0":2,"1":2,"2":76,"3":76},"f":{"0":76},"b":{}}
,"/Users/liz/Desktop/ProyectoFinal/server/src/middleware/post.ts": {"path":"/Users/liz/Desktop/ProyectoFinal/server/src/middleware/post.ts","statementMap":{"0":{"start":{"line":1,"column":0},"end":{"line":1,"column":41}},"1":{"start":{"line":3,"column":16},"end":{"line":3,"column":100}},"2":{"start":{"line":5,"column":13},"end":{"line":37,"column":2}},"3":{"start":{"line":26,"column":17},"end":{"line":26,"column":42}}},"fnMap":{"0":{"name":"(anonymous_0)","decl":{"start":{"line":26,"column":12},"end":{"line":26,"column":13}},"loc":{"start":{"line":26,"column":17},"end":{"line":26,"column":42}}}},"branchMap":{},"s":{"0":2,"1":2,"2":2,"3":16},"f":{"0":16},"b":{}}
,"/Users/liz/Desktop/ProyectoFinal/server/src/middleware/put.ts": {"path":"/Users/liz/Desktop/ProyectoFinal/server/src/middleware/put.ts","statementMap":{"0":{"start":{"line":1,"column":0},"end":{"line":1,"column":41}},"1":{"start":{"line":3,"column":16},"end":{"line":3,"column":100}},"2":{"start":{"line":5,"column":13},"end":{"line":19,"column":2}},"3":{"start":{"line":16,"column":17},"end":{"line":16,"column":42}}},"fnMap":{"0":{"name":"(anonymous_0)","decl":{"start":{"line":16,"column":12},"end":{"line":16,"column":13}},"loc":{"start":{"line":16,"column":17},"end":{"line":16,"column":42}}}},"branchMap":{},"s":{"0":2,"1":2,"2":2,"3":2},"f":{"0":2},"b":{}}
,"/Users/liz/Desktop/ProyectoFinal/server/src/models/Libro.mo.ts": {"path":"/Users/liz/Desktop/ProyectoFinal/server/src/models/Libro.mo.ts","statementMap":{"0":{"start":{"line":1,"column":0},"end":{"line":1,"column":125}},"1":{"start":{"line":7,"column":0},"end":{"line":64,"column":null}},"2":{"start":{"line":13,"column":12},"end":{"line":13,"column":null}},"3":{"start":{"line":19,"column":12},"end":{"line":19,"column":null}},"4":{"start":{"line":26,"column":12},"end":{"line":26,"column":null}},"5":{"start":{"line":32,"column":12},"end":{"line":32,"column":null}},"6":{"start":{"line":38,"column":12},"end":{"line":38,"column":null}},"7":{"start":{"line":43,"column":12},"end":{"line":43,"column":null}},"8":{"start":{"line":49,"column":12},"end":{"line":49,"column":null}},"9":{"start":{"line":57,"column":12},"end":{"line":57,"column":null}},"10":{"start":{"line":63,"column":12},"end":{"line":63,"column":null}},"11":{"start":{"line":7,"column":6},"end":{"line":64,"column":null}},"12":{"start":{"line":66,"column":0},"end":{"line":66,"column":null}}},"fnMap":{},"branchMap":{},"s":{"0":3,"1":3,"2":3,"3":3,"4":3,"5":3,"6":3,"7":3,"8":3,"9":3,"10":3,"11":3,"12":3},"f":{},"b":{}}
}
