TN:
SF:src/router.ts
FNF:0
FNH:0
DA:1,2
DA:2,2
DA:11,2
DA:12,2
DA:13,2
DA:14,2
DA:15,2
DA:17,2
DA:19,2
DA:21,2
DA:200,2
DA:202,2
DA:209,2
DA:211,2
DA:219,2
DA:226,2
DA:234,2
LF:17
LH:17
BRF:0
BRH:0
end_of_record
TN:
SF:src/server.ts
FN:10,connectionDB
FNF:1
FNH:1
FNDA:3,connectionDB
DA:1,2
DA:2,2
DA:3,2
DA:4,2
DA:5,2
DA:6,2
DA:7,2
DA:8,2
DA:10,2
DA:11,3
DA:12,3
DA:13,2
DA:14,2
DA:16,1
DA:17,1
DA:20,2
DA:22,2
DA:25,2
DA:26,2
DA:34,2
DA:36,2
DA:37,2
DA:38,2
DA:40,2
LF:24
LH:24
BRF:0
BRH:0
end_of_record
TN:
SF:src/config/db.ts
FNF:0
FNH:0
DA:1,2
DA:2,2
DA:4,2
DA:6,2
DA:10,2
LF:5
LH:5
BRF:0
BRH:0
end_of_record
TN:
SF:src/config/swagger.ts
FNF:0
FNH:0
DA:1,2
DA:4,2
DA:23,2
DA:25,2
DA:39,2
DA:41,2
LF:6
LH:6
BRF:0
BRH:0
end_of_record
TN:
SF:src/handlers/libro.ts
FN:6,(anonymous_1)
FN:33,(anonymous_2)
FN:53,(anonymous_3)
FN:74,(anonymous_4)
FN:94,(anonymous_5)
FN:120,(anonymous_6)
FNF:6
FNH:6
FNDA:17,(anonymous_1)
FNDA:6,(anonymous_2)
FNDA:4,(anonymous_3)
FNDA:5,(anonymous_4)
FNDA:6,(anonymous_5)
FNDA:4,(anonymous_6)
DA:2,2
DA:4,2
DA:6,2
DA:7,17
DA:8,17
DA:10,17
DA:11,16
DA:12,16
DA:13,2
DA:18,15
DA:19,14
DA:20,14
DA:21,1
DA:26,14
DA:27,13
DA:29,1
DA:33,2
DA:34,6
DA:35,6
DA:37,6
DA:38,6
DA:40,6
DA:47,5
DA:49,1
DA:53,2
DA:54,4
DA:55,4
DA:56,4
DA:58,4
DA:59,1
DA:61,3
DA:62,2
DA:63,1
DA:66,1
DA:68,1
DA:74,2
DA:75,5
DA:76,5
DA:78,5
DA:79,1
DA:81,4
DA:82,4
DA:83,1
DA:86,3
DA:87,1
DA:90,2
DA:91,2
DA:94,2
DA:95,6
DA:96,6
DA:97,6
DA:99,6
DA:100,1
DA:103,5
DA:104,4
DA:105,1
DA:108,3
DA:109,3
DA:111,3
DA:113,1
DA:120,2
DA:121,4
DA:122,4
DA:123,4
DA:125,4
DA:126,1
DA:129,3
DA:130,2
DA:131,1
DA:134,1
DA:136,1
DA:138,1
LF:72
LH:72
BRDA:10,0,0,16
BRDA:12,1,0,2
BRDA:18,2,0,14
BRDA:20,3,0,1
BRDA:35,4,0,6
BRDA:35,5,0,6
BRDA:38,6,0,1
BRDA:58,7,0,1
BRDA:58,8,0,4
BRDA:58,8,1,4
BRDA:62,9,0,1
BRDA:78,10,0,1
BRDA:78,11,0,5
BRDA:78,11,1,5
BRDA:82,12,0,1
BRDA:86,13,0,1
BRDA:99,14,0,1
BRDA:99,15,0,6
BRDA:99,15,1,6
BRDA:104,16,0,1
BRDA:125,17,0,1
BRDA:125,18,0,4
BRDA:125,18,1,4
BRDA:130,19,0,1
BRF:24
BRH:24
end_of_record
TN:
SF:src/middleware/delete.ts
FNF:0
FNH:0
DA:1,2
DA:3,2
LF:2
LH:2
BRF:0
BRH:0
end_of_record
TN:
SF:src/middleware/index.ts
FN:4,(anonymous_0)
FNF:1
FNH:1
FNDA:33,(anonymous_0)
DA:1,2
DA:4,2
DA:5,33
DA:7,33
DA:8,33
DA:9,6
DA:12,27
LF:7
LH:7
BRDA:8,0,0,6
BRF:1
BRH:1
end_of_record
TN:
SF:src/middleware/methods.ts
FN:4,methods
FNF:1
FNH:1
FNDA:76,methods
DA:2,2
DA:4,2
DA:5,76
DA:6,76
LF:4
LH:4
BRF:0
BRH:0
end_of_record
TN:
SF:src/middleware/post.ts
FN:26,(anonymous_0)
FNF:1
FNH:1
FNDA:16,(anonymous_0)
DA:1,2
DA:3,2
DA:5,2
DA:26,16
LF:4
LH:4
BRF:0
BRH:0
end_of_record
TN:
SF:src/middleware/put.ts
FN:16,(anonymous_0)
FNF:1
FNH:1
FNDA:2,(anonymous_0)
DA:1,2
DA:3,2
DA:5,2
DA:16,2
LF:4
LH:4
BRF:0
BRH:0
end_of_record
TN:
SF:src/models/Libro.mo.ts
FNF:0
FNH:0
DA:1,3
DA:7,3
DA:13,3
DA:19,3
DA:26,3
DA:32,3
DA:38,3
DA:43,3
DA:49,3
DA:57,3
DA:63,3
DA:66,3
LF:12
LH:12
BRF:0
BRH:0
end_of_record
